2024-06-16 13:30:55,268 INFO o.s.b.StartupInfoLogger [restartedMain] Starting LifeDashboardApplication using Java 21.0.2 with PID 29763 (/Users/macbook/OnGoingProjects/SpringBoot/LifeDashboard/life-dashboard/backend/target/classes started by macbook in /Users/macbook/OnGoingProjects/SpringBoot/LifeDashboard/life-dashboard/backend)
2024-06-16 13:30:55,271 INFO o.s.b.SpringApplication [restartedMain] No active profile set, falling back to 1 default profile: "default"
2024-06-16 13:30:55,287 INFO o.s.b.l.DeferredLog [restartedMain] Devtools property defaults active! Set 'spring.devtools.add-properties' to 'false' to disable
2024-06-16 13:30:55,287 INFO o.s.b.l.DeferredLog [restartedMain] For additional web related logging consider setting the 'logging.level.web' property to 'DEBUG'
2024-06-16 13:30:55,569 INFO o.s.d.r.c.RepositoryConfigurationDelegate [restartedMain] Bootstrapping Spring Data JPA repositories in DEFAULT mode.
2024-06-16 13:30:55,591 INFO o.s.d.r.c.RepositoryConfigurationDelegate [restartedMain] Finished Spring Data repository scanning in 18 ms. Found 2 JPA repository interfaces.
2024-06-16 13:30:55,859 INFO o.s.b.w.e.t.TomcatWebServer [restartedMain] Tomcat initialized with port(s): 8080 (http)
2024-06-16 13:30:55,864 INFO o.a.j.l.DirectJDKLog [restartedMain] Initializing ProtocolHandler ["http-nio-8080"]
2024-06-16 13:30:55,865 INFO o.a.j.l.DirectJDKLog [restartedMain] Starting service [Tomcat]
2024-06-16 13:30:55,865 INFO o.a.j.l.DirectJDKLog [restartedMain] Starting Servlet engine: [Apache Tomcat/10.1.13]
2024-06-16 13:30:55,892 INFO o.a.j.l.DirectJDKLog [restartedMain] Initializing Spring embedded WebApplicationContext
2024-06-16 13:30:55,892 INFO o.s.b.w.s.c.ServletWebServerApplicationContext [restartedMain] Root WebApplicationContext: initialization completed in 605 ms
2024-06-16 13:30:56,069 INFO o.h.j.i.u.LogHelper [restartedMain] HHH000204: Processing PersistenceUnitInfo [name: default]
2024-06-16 13:30:56,095 INFO o.h.Version [restartedMain] HHH000412: Hibernate ORM core version 6.2.9.Final
2024-06-16 13:30:56,096 INFO o.h.c.Environment [restartedMain] HHH000406: Using bytecode reflection optimizer
2024-06-16 13:30:56,155 INFO o.h.b.i.BytecodeProviderInitiator [restartedMain] HHH000021: Bytecode provider name : bytebuddy
2024-06-16 13:30:56,211 INFO o.s.o.j.p.SpringPersistenceUnitInfo [restartedMain] No LoadTimeWeaver setup: ignoring JPA class transformer
2024-06-16 13:30:56,221 INFO c.z.h.HikariDataSource [restartedMain] HikariPool-1 - Starting...
2024-06-16 13:30:56,330 INFO c.z.h.p.HikariPool [restartedMain] HikariPool-1 - Added connection org.postgresql.jdbc.PgConnection@eb139e1
2024-06-16 13:30:56,331 INFO c.z.h.HikariDataSource [restartedMain] HikariPool-1 - Start completed.
2024-06-16 13:30:56,467 INFO o.h.b.i.BytecodeProviderInitiator [restartedMain] HHH000021: Bytecode provider name : bytebuddy
2024-06-16 13:30:56,750 INFO o.h.e.t.j.p.i.JtaPlatformInitiator [restartedMain] HHH000490: Using JtaPlatform implementation: [org.hibernate.engine.transaction.jta.platform.internal.NoJtaPlatform]
2024-06-16 13:30:56,819 INFO o.s.o.j.AbstractEntityManagerFactoryBean [restartedMain] Initialized JPA EntityManagerFactory for persistence unit 'default'
2024-06-16 13:30:56,970 WARN o.s.b.a.o.j.JpaBaseConfiguration$JpaWebConfiguration [restartedMain] spring.jpa.open-in-view is enabled by default. Therefore, database queries may be performed during view rendering. Explicitly configure spring.jpa.open-in-view to disable this warning
2024-06-16 13:30:57,078 INFO o.s.s.w.DefaultSecurityFilterChain [restartedMain] Will secure any request with [org.springframework.security.web.session.DisableEncodeUrlFilter@44c1be87, org.springframework.security.web.context.request.async.WebAsyncManagerIntegrationFilter@5a720aec, org.springframework.security.web.context.SecurityContextHolderFilter@44fbc7d0, org.springframework.security.web.header.HeaderWriterFilter@26730988, org.springframework.security.web.authentication.logout.LogoutFilter@4ecc685c, gr.ariskatsarakis.lifedashboard.jwt.JwtAuthenticationFilter@58202521, org.springframework.security.web.savedrequest.RequestCacheAwareFilter@7785c306, org.springframework.security.web.servletapi.SecurityContextHolderAwareRequestFilter@5d0670dc, org.springframework.security.web.authentication.AnonymousAuthenticationFilter@15f169f0, org.springframework.security.web.session.SessionManagementFilter@4d23d370, org.springframework.security.web.access.ExceptionTranslationFilter@51d88996, org.springframework.security.web.access.intercept.AuthorizationFilter@a2291f2]
2024-06-16 13:30:57,147 INFO o.s.b.d.a.OptionalLiveReloadServer [restartedMain] LiveReload server is running on port 35729
2024-06-16 13:30:57,153 INFO o.a.j.l.DirectJDKLog [restartedMain] Starting ProtocolHandler ["http-nio-8080"]
2024-06-16 13:30:57,160 INFO o.s.b.w.e.t.TomcatWebServer [restartedMain] Tomcat started on port(s): 8080 (http) with context path ''
2024-06-16 13:30:57,165 INFO o.s.b.StartupInfoLogger [restartedMain] Started LifeDashboardApplication in 2.085 seconds (process running for 2.41)
2024-06-16 13:31:49,840 INFO o.s.o.j.AbstractEntityManagerFactoryBean [SpringApplicationShutdownHook] Closing JPA EntityManagerFactory for persistence unit 'default'
2024-06-16 13:31:49,850 INFO c.z.h.HikariDataSource [SpringApplicationShutdownHook] HikariPool-1 - Shutdown initiated...
2024-06-16 13:31:49,863 INFO c.z.h.HikariDataSource [SpringApplicationShutdownHook] HikariPool-1 - Shutdown completed.
